GET http://10.80.87.76:9080/auth/login
User-Agent: WebInject



HTTP/1.1 200 OK
Cache-Control: no-cache
Connection: close
Date: Tue, 23 May 2017 06:56:12 GMT
Server: Apache
Content-Type: text/html; charset=UTF-8
Client-Date: Tue, 23 May 2017 06:56:12 GMT
Client-Peer: 10.80.87.76:9080
Client-Response-Num: 1
Client-Transfer-Encoding: chunked
Client-Warning: Redirect loop detected (max_redirect = 0)
Link: </img/favicon.ico>; rel="icon"; type="image/png"
Link: </img/favicon.png>; rel="shortcut icon"; type="image/x-icon"
Link: </img/apple-touch-icon.png>; rel="apple-touch-icon"
Link: </img/apple-touch-icon-57x57.png>; rel="apple-touch-icon"; sizes="57x57"
Link: </img/apple-touch-icon-72x72.png>; rel="apple-touch-icon"; sizes="72x72"
Link: </img/apple-touch-icon-114x114.png>; rel="apple-touch-icon"; sizes="114x114"
Link: </img/apple-touch-icon-120x120.png>; rel="apple-touch-icon"; sizes="120x120"
Link: </img/apple-touch-icon-144x144.png>; rel="apple-touch-icon"; sizes="144x144"
Link: </img/apple-touch-icon-152x152.png>; rel="apple-touch-icon"; sizes="152x152"
Link: <https://fonts.googleapis.com/css?family=Open+Sans:300,400,700&subset=latin>; rel="stylesheet"; type="text/css"
Link: </build/dist/css/all-ecafd6395d.css>; rel="stylesheet"
Set-Cookie: XSRF-TOKEN=eyJpdiI6Im9lSUZpdyt4K1wveHBiVHVHcHdyVFVBPT0iLCJ2YWx1ZSI6IjRmYUQzOWlYa05idVFaXC8zbTZHQzNXaGd1QllHcG1XVTdHdlwvYUpFN2ZGWHFyVlVaNmd3MkorSXdhVnRxaGRJOEpOck4yXC9MKzVXWW5sdmw1VG1pNWJ3PT0iLCJtYWMiOiIxZWViNGExMjUyMWY1ZWIwMWZkYTQ4Y2U2NzkxM2FlZWM2Zjc2ZDVlNTZiYjRiM2JmMDhjNjI0ZDJhYTJlY2FjIn0%3D; expires=Tue, 23-May-2017 08:56:12 GMT; Max-Age=7200; path=/
Set-Cookie: laravel_session=eyJpdiI6ImNvWVQyVkFlYnZXT1lUUThOZWU0emc9PSIsInZhbHVlIjoiXC92UThrYStIODBkQVR2aXdWN1hLTXg2a2ZQWGsrN09FZzc1QjVzUmY4QTRHSllwdWdEem1VTGIwc1E2YXVDZGI1ZVwveUdaeVBROWRkbjBaNlhIZnRuZz09IiwibWFjIjoiZWQ2YjdkZGI0MTRmMmI5ZDFjZWNlMjE0YzUzYTg2N2FmY2E2MmU1NDgxMmRmYzcxY2RhYjA1YmNjZDMzODAxMCJ9; expires=Tue, 23-May-2017 08:56:12 GMT; Max-Age=7200; path=/; httponly
Title: Login
X-Meta-Apple-Mobile-Web-App-Capable: yes
X-Meta-Charset: utf-8
X-Meta-Env: production
X-Meta-Token: eeXRb0Xm2j6wtPBw9Kwc3AnJvo3y98zB5ALOYHdq
X-Meta-Viewport: width=device-width, initial-scale=1.0
X-Powered-By: PHP/5.5.33
X-UA-Compatible: IE=edge

<!DOCTYPE html>
<html>
<head>
    <meta charset="utf-8">
    <meta http-equiv="X-UA-Compatible" content="IE=edge">
    <meta name="viewport" content="width=device-width, initial-scale=1.0">
    <meta name="apple-mobile-web-app-capable" content="yes">

    <meta name="env" content="production">
    <meta name="token" content="eeXRb0Xm2j6wtPBw9Kwc3AnJvo3y98zB5ALOYHdq">

    <link rel="icon" type="image/png" href="/img/favicon.ico">
    <link rel="shortcut icon" href="/img/favicon.png" type="image/x-icon">

    <link rel="apple-touch-icon" href="/img/apple-touch-icon.png">
    <link rel="apple-touch-icon" sizes="57x57" href="/img/apple-touch-icon-57x57.png">
    <link rel="apple-touch-icon" sizes="72x72" href="/img/apple-touch-icon-72x72.png">
    <link rel="apple-touch-icon" sizes="114x114" href="/img/apple-touch-icon-114x114.png">
    <link rel="apple-touch-icon" sizes="120x120" href="/img/apple-touch-icon-120x120.png">
    <link rel="apple-touch-icon" sizes="144x144" href="/img/apple-touch-icon-144x144.png">
    <link rel="apple-touch-icon" sizes="152x152" href="/img/apple-touch-icon-152x152.png">

    <title>Login</title>

    <link href="https://fonts.googleapis.com/css?family=Open+Sans:300,400,700&subset=latin" rel="stylesheet" type="text/css">
    <link rel="stylesheet" href="/build/dist/css/all-ecafd6395d.css">
    
    
    <script type="text/javascript">
        var Global = {};
        Global.locale = 'ca';
    </script>
    <script src="/build/dist/js/all-a62567215d.js"></script>
</head>

<body class="dashboard login">
    <div class="content">
            <div class="container">
        <div class="row">
            <div class="form-bg">
                <div class="logo">
                    <svg viewBox="0 0 1150 296" version="1.1" xmlns="http://www.w3.org/2000/svg" xmlns:xlink="http://www.w3.org/1999/xlink" xmlns:sketch="http://www.bohemiancoding.com/sketch/ns">
                        <g id="Page-1" stroke="none" stroke-width="1" fill="none" fill-rule="evenodd" sketch:type="MSPage">
                            <g id="Cachet" sketch:type="MSArtboardGroup">
                                <g id="Icon" sketch:type="MSLayerGroup" transform="translate(8.000000, 10.000000)">
                                    <path d="M199.244333,22.4585705 L203.404333,18.2157048 C183.533553,6.62470379 160.519693,0 135.988769,0 C60.8842456,0 0,62.0970314 0,138.697602 C0,215.298172 60.8842456,277.395203 135.988769,277.395203 C211.093292,277.395203 271.977537,215.298172 271.977537,138.697602 C271.977537,121.684565 268.974197,105.386969 263.478763,90.3262455 L263.478763,90.3262455 L259.05104,94.8421666 C263.754498,108.572636 266.311339,123.33058 266.311339,138.697602 C266.311339,212.106481 207.963937,271.616136 135.988769,271.616136 C64.0136007,271.616136 5.66619869,212.106481 5.66619869,138.697602 C5.66619869,65.2887218 64.0136007,5.77906673 135.988769,5.77906673 C158.943672,5.77906673 180.512426,11.8320993 199.244333,22.4585705 L199.244333,22.4585705 Z" id="Oval-1" stroke="#FFFFFF" stroke-width="12" sketch:type="MSShapeGroup"></path>
                                    <path d="M103.408124,172.71149 L104.22048,171.882953 L265.301897,7.59286967 L271.527992,1.24275363 L283.980182,13.9429858 L277.754087,20.2931018 L116.67267,184.583185 L115.860315,185.411722 L103.408126,198.111956 L97.182031,191.76184 L52.2352474,145.919738 L46.0091523,139.569622 L58.4613426,126.86939 L64.6874377,133.219506 L103.408124,172.71149 L103.408124,172.71149 Z" id="Line" fill="#FFFFFF" sketch:type="MSShapeGroup"></path>
                                </g>
                                <path d="M335,147 C335,136.33328 336.874981,125.708386 340.625,115.125 C344.375019,104.541614 349.833298,95.083375 357,86.75 C364.166702,78.416625 372.999948,71.6250262 383.5,66.375 C394.000052,61.1249738 405.9166,58.5 419.25,58.5 C435.083413,58.5 448.583278,62.0832975 459.75,69.25 C470.916722,76.4167025 479.249973,85.7499425 484.75,97.25 L470.75,105.75 C467.916652,99.9166375 464.50002,95.00002 460.5,91 C456.49998,86.99998 452.16669,83.7500125 447.5,81.25 C442.83331,78.7499875 438.000025,76.9583387 433,75.875 C427.999975,74.7916613 423.083358,74.25 418.25,74.25 C407.58328,74.25 398.166708,76.416645 390,80.75 C381.833292,85.083355 374.958361,90.749965 369.375,97.75 C363.791639,104.750035 359.583348,112.624956 356.75,121.375 C353.916652,130.125044 352.5,138.999955 352.5,148 C352.5,157.833382 354.208316,167.249955 357.625,176.25 C361.041684,185.250045 365.708304,193.208299 371.625,200.125 C377.541696,207.041701 384.541626,212.541646 392.625,216.625 C400.708374,220.708354 409.499953,222.75 419,222.75 C424.000025,222.75 429.124974,222.125006 434.375,220.875 C439.625026,219.624994 444.708309,217.625014 449.625,214.875 C454.541691,212.124986 459.083313,208.708354 463.25,204.625 C467.416687,200.541646 470.916652,195.583363 473.75,189.75 L488.25,197.25 C485.416652,203.9167 481.416693,209.791641 476.25,214.875 C471.083307,219.958359 465.333365,224.249982 459,227.75 C452.666635,231.250018 445.958369,233.916657 438.875,235.75 C431.791631,237.583343 424.833368,238.5 418,238.5 C405.833273,238.5 394.666718,235.83336 384.5,230.5 C374.333282,225.16664 365.58337,218.208376 358.25,209.625 C350.91663,201.041624 345.208354,191.291721 341.125,180.375 C337.041646,169.458279 335,158.33339 335,147 L335,147 Z M549,239.5 C542.3333,239.5 536.250027,238.458344 530.75,236.375 C525.249973,234.291656 520.541686,231.416685 516.625,227.75 C512.708314,224.083315 509.666677,219.833358 507.5,215 C505.333323,210.166642 504.25,205.08336 504.25,199.75 C504.25,193.74997 505.58332,188.291691 508.25,183.375 C510.91668,178.458309 514.666642,174.250018 519.5,170.75 C524.333357,167.249982 530.124966,164.541676 536.875,162.625 C543.625034,160.708324 551.083292,159.75 559.25,159.75 C565.750032,159.75 572.416632,160.333327 579.25,161.5 C586.083368,162.666673 592.16664,164.333323 597.5,166.5 L597.5,154.75 C597.5,143.249943 594.208366,134.125034 587.625,127.375 C581.041634,120.624966 572.166722,117.25 561,117.25 C553.999965,117.25 547.041701,118.58332 540.125,121.25 C533.208299,123.91668 526.166702,127.749975 519,132.75 L513,121.5 C521.500043,115.833305 529.74996,111.583348 537.75,108.75 C545.75004,105.916652 554.08329,104.5 562.75,104.5 C578.583413,104.5 591.16662,109.083287 600.5,118.25 C609.83338,127.416713 614.5,140.083253 614.5,156.25 L614.5,215 C614.5,219.66669 616.49998,222 620.5,222 L620.5,237 C619.16666,237.166668 617.916673,237.291666 616.75,237.375 C615.583327,237.458334 614.583337,237.5 613.75,237.5 C610.41665,237.5 607.375014,236.50001 604.625,234.5 C601.874986,232.49999 600.333335,229.50002 600,225.5 L599.5,215.25 C593.833305,222.916705 586.375046,228.874979 577.125,233.125 C567.874954,237.375021 558.500047,239.5 549,239.5 L549,239.5 Z M553.25,226.5 C560.750037,226.5 568.208296,224.875016 575.625,221.625 C583.041704,218.374984 588.916645,213.916695 593.25,208.25 C594.416673,206.749992 595.416663,205.125009 596.25,203.375 C597.083337,201.624991 597.5,200.000008 597.5,198.5 L597.5,177.25 C591.833305,175.083323 585.916698,173.416673 579.75,172.25 C573.583302,171.083327 567.583363,170.5 561.75,170.5 C549.583273,170.5 539.708371,172.958309 532.125,177.875 C524.541629,182.791691 520.75,189.58329 520.75,198.25 C520.75,201.750018 521.41666,205.16665 522.75,208.5 C524.08334,211.83335 526.124986,214.83332 528.875,217.5 C531.625014,220.16668 534.99998,222.333325 539,224 C543.00002,225.666675 547.749973,226.5 553.25,226.5 L553.25,226.5 Z M643,171.5 C643,162.333288 644.583318,153.666708 647.75,145.5 C650.916682,137.333292 655.374971,130.208364 661.125,124.125 C666.875029,118.041636 673.74996,113.250018 681.75,109.75 C689.75004,106.249982 698.583285,104.5 708.25,104.5 C720.583395,104.5 731.333288,107.291639 740.5,112.875 C749.666713,118.458361 756.58331,125.999953 761.25,135.5 L744.75,140.75 C741.083315,134.0833 736.000032,128.875019 729.5,125.125 C722.999968,121.374981 715.75004,119.5 707.75,119.5 C701.0833,119.5 694.875029,120.83332 689.125,123.5 C683.374971,126.16668 678.375021,129.791644 674.125,134.375 C669.874979,138.958356 666.541679,144.416635 664.125,150.75 C661.708321,157.083365 660.5,163.999963 660.5,171.5 C660.5,178.83337 661.749987,185.749967 664.25,192.25 C666.750013,198.750033 670.166645,204.374976 674.5,209.125 C678.833355,213.875024 683.874971,217.624986 689.625,220.375 C695.375029,223.125014 701.499968,224.5 708,224.5 C712.166687,224.5 716.291646,223.916673 720.375,222.75 C724.458354,221.583327 728.249982,219.958344 731.75,217.875 C735.250018,215.791656 738.249987,213.41668 740.75,210.75 C743.250012,208.08332 744.999995,205.250015 746,202.25 L762.5,207.25 C760.666657,211.91669 758.000018,216.208314 754.5,220.125 C750.999982,224.041686 746.875024,227.458319 742.125,230.375 C737.374976,233.291681 732.125029,235.541659 726.375,237.125 C720.624971,238.708341 714.666698,239.5 708.5,239.5 C698.999953,239.5 690.25004,237.708351 682.25,234.125 C674.24996,230.541649 667.333363,225.625031 661.5,219.375 C655.666637,213.124969 651.125016,205.916708 647.875,197.75 C644.624984,189.583292 643,180.83338 643,171.5 L643,171.5 Z M898.5,237 L881.5,237 L881.5,164.25 C881.5,149.416593 878.958359,138.33337 873.875,131 C868.791641,123.66663 861.333382,120 851.5,120 C846.666642,120 841.875024,120.958324 837.125,122.875 C832.374976,124.791676 827.916687,127.41665 823.75,130.75 C819.583313,134.08335 815.958349,137.999977 812.875,142.5 C809.791651,147.000023 807.500008,151.91664 806,157.25 L806,237 L789,237 L789,54.5 L806,54.5 L806,136.25 C811.33336,126.416618 818.583287,118.666695 827.75,113 C836.916712,107.333305 846.749947,104.5 857.25,104.5 C864.750037,104.5 871.124974,105.874986 876.375,108.625 C881.625026,111.375014 885.874984,115.208309 889.125,120.125 C892.375016,125.041691 894.749992,130.958299 896.25,137.875 C897.750008,144.791701 898.5,152.416625 898.5,160.75 L898.5,237 Z M990.75,239.5 C981.249952,239.5 972.50004,237.708351 964.5,234.125 C956.49996,230.541649 949.583363,225.625031 943.75,219.375 C937.916637,213.124969 933.375016,205.916708 930.125,197.75 C926.874984,189.583292 925.25,180.83338 925.25,171.5 C925.25,162.333288 926.874984,153.708374 930.125,145.625 C933.375016,137.541626 937.916637,130.458364 943.75,124.375 C949.583363,118.291636 956.458294,113.458351 964.375,109.875 C972.291706,106.291649 980.999953,104.5 990.5,104.5 C1000.00005,104.5 1008.70829,106.291649 1016.625,109.875 C1024.54171,113.458351 1031.33331,118.333303 1037,124.5 C1042.66669,130.666697 1047.08332,137.74996 1050.25,145.75 C1053.41668,153.75004 1055,162.249955 1055,171.25 C1055,172.58334 1054.95833,173.91666 1054.875,175.25 C1054.79167,176.58334 1054.66667,177.499998 1054.5,178 L943.25,178 C943.750002,185.000035 945.374986,191.458304 948.125,197.375 C950.875014,203.291696 954.374979,208.416645 958.625,212.75 C962.875021,217.083355 967.791639,220.458321 973.375,222.875 C978.958361,225.291679 984.916635,226.5 991.25,226.5 C995.583355,226.5 999.833312,225.916673 1004,224.75 C1008.16669,223.583327 1011.99998,222.00001 1015.5,220 C1019.00002,217.99999 1022.12499,215.541681 1024.875,212.625 C1027.62501,209.708319 1029.74999,206.500018 1031.25,203 L1046,207 C1043.99999,211.833358 1041.16669,216.208314 1037.5,220.125 C1033.83332,224.041686 1029.58336,227.458319 1024.75,230.375 C1019.91664,233.291681 1014.58336,235.541659 1008.75,237.125 C1002.91664,238.708341 996.916698,239.5 990.75,239.5 L990.75,239.5 Z M1038.75,165 C1038.25,157.999965 1036.62501,151.625029 1033.875,145.875 C1031.12499,140.124971 1027.62502,135.166687 1023.375,131 C1019.12498,126.833313 1014.1667,123.583345 1008.5,121.25 C1002.8333,118.916655 996.833365,117.75 990.5,117.75 C984.166635,117.75 978.166695,118.916655 972.5,121.25 C966.833305,123.583345 961.875021,126.833313 957.625,131 C953.374979,135.166687 949.958346,140.166638 947.375,146 C944.791654,151.833362 943.250003,158.166632 942.75,165 L1038.75,165 Z M1142.25,230.75 C1141.25,231.250002 1139.79168,231.916663 1137.875,232.75 C1135.95832,233.583337 1133.75001,234.416663 1131.25,235.25 C1128.74999,236.083337 1125.91668,236.83333 1122.75,237.5 C1119.58332,238.16667 1116.25002,238.5 1112.75,238.5 C1109.08332,238.5 1105.58335,238.000005 1102.25,237 C1098.91665,235.999995 1096.00001,234.458344 1093.5,232.375 C1090.99999,230.291656 1089.00001,227.666683 1087.5,224.5 C1085.99999,221.333318 1085.25,217.666687 1085.25,213.5 L1085.25,120.25 L1067.25,120.25 L1067.25,106.75 L1085.25,106.75 L1085.25,62.75 L1102.25,62.75 L1102.25,106.75 L1132.25,106.75 L1132.25,120.25 L1102.25,120.25 L1102.25,208.75 C1102.58334,213.583358 1104.24998,217.124989 1107.25,219.375 C1110.25002,221.625011 1113.83331,222.75 1118,222.75 C1122.83336,222.75 1127.08331,221.958341 1130.75,220.375 C1134.41669,218.791659 1136.75,217.66667 1137.75,217 L1142.25,230.75 Z" id="Cachet" fill="#FFFFFF" sketch:type="MSShapeGroup"></path>
                            </g>
                        </g>
                    </svg>
                </div>

                <br>

                <div class="panel">
                    <div class="panel-body">
                        <div class="text-center">
                            <h3>Log In</h3>
                        </div>
                        <br>
                        <form method="POST" action="/auth/login" accept-charset="UTF-8" autocomplete="off" name="apOot0giau">
                            <input type="hidden" name="_token" value="eeXRb0Xm2j6wtPBw9Kwc3AnJvo3y98zB5ALOYHdq">

                            
                            <div class="form-group">
                                <label class="sr-only">Username or Email</label>
                                <input autocomplete="off" class="form-control login-input" placeholder="Username or Email" required="required" name="login" type="text" value="" autofocus>
                            </div>
                            <div class="form-group">
                                <label class="sr-only">Password</label>
                                <input autocomplete="off" class="form-control login-input" placeholder="Password" required="required" name="password" type="password" value="">
                            </div>
                            <br>
                            <div class="form-group">
                                <div class="row">
                                    <div class="col-xs-2">
                                        <a class="btn btn-default btn-lg btn-trans" href="http://10.80.87.76:9080">
                                            <span class="text-center">
                                                <i class="ion ion-home"></i>
                                            </span>
                                        </a>
                                    </div>
                                    <div class="col-xs-10">
                                        <button type="submit" class="btn btn-info btn-lg btn-block btn-trans">Login</button>
                                    </div>
                                </div>
                            </div>
                        </form>
                    </div>
                </div>
            </div>
        </div>
    </div>
    </div>
</body>
</html>



************************* LOG SEPARATOR *************************


POST http://10.80.87.76:9080/auth/login
User-Agent: WebInject
Content-Type: application/x-www-form-urlencoded
Cookie: laravel_session=eyJpdiI6ImNvWVQyVkFlYnZXT1lUUThOZWU0emc9PSIsInZhbHVlIjoiXC92UThrYStIODBkQVR2aXdWN1hLTXg2a2ZQWGsrN09FZzc1QjVzUmY4QTRHSllwdWdEem1VTGIwc1E2YXVDZGI1ZVwveUdaeVBROWRkbjBaNlhIZnRuZz09IiwibWFjIjoiZWQ2YjdkZGI0MTRmMmI5ZDFjZWNlMjE0YzUzYTg2N2FmY2E2MmU1NDgxMmRmYzcxY2RhYjA1YmNjZDMzODAxMCJ9; XSRF-TOKEN=eyJpdiI6Im9lSUZpdyt4K1wveHBiVHVHcHdyVFVBPT0iLCJ2YWx1ZSI6IjRmYUQzOWlYa05idVFaXC8zbTZHQzNXaGd1QllHcG1XVTdHdlwvYUpFN2ZGWHFyVlVaNmd3MkorSXdhVnRxaGRJOEpOck4yXC9MKzVXWW5sdmw1VG1pNWJ3PT0iLCJtYWMiOiIxZWViNGExMjUyMWY1ZWIwMWZkYTQ4Y2U2NzkxM2FlZWM2Zjc2ZDVlNTZiYjRiM2JmMDhjNjI0ZDJhYTJlY2FjIn0%3D
Cookie2: $Version="1"

login=joan.arbona@uib.es&password=cti1305&_token=eeXRb0Xm2j6wtPBw9Kwc3AnJvo3y98zB5ALOYHdq


HTTP/1.1 302 Found
Cache-Control: no-cache
Connection: close
Date: Tue, 23 May 2017 06:56:12 GMT
Location: http://10.80.87.76:9080/dashboard
Server: Apache
Content-Length: 376
Content-Type: text/html; charset=UTF-8
Client-Date: Tue, 23 May 2017 06:56:13 GMT
Client-Peer: 10.80.87.76:9080
Client-Response-Num: 1
Client-Warning: Redirect loop detected (max_redirect = 0)
Refresh: 1;url=http://10.80.87.76:9080/dashboard
Set-Cookie: XSRF-TOKEN=eyJpdiI6IjgzQ0VmMnRjcUgxMjFBQjV0UjhWU2c9PSIsInZhbHVlIjoiWExESkFJZlY2YkJGUkJzV3N1RHN3SFZ1MmF5bHVFTUFveW1LQjA3WDZ0OGJBekVYamJXXC9OZVpHWE5UUmdxN3BYeTBQT1lIVHRCbXdTRjFrXC9qNDNpQT09IiwibWFjIjoiNjAyZjQzMjdkN2EzMmVjY2EzZmJiMGJmNzZlNjQ5YmQ3NWVmYWU5MGE1MWE2M2U0MWIxZWMyNDM2MGI1ZDc1ZCJ9; expires=Tue, 23-May-2017 08:56:13 GMT; Max-Age=7200; path=/
Set-Cookie: laravel_session=eyJpdiI6ImU2NmJ6V01MclRaYnFma3BLODQrMFE9PSIsInZhbHVlIjoiRzNoeVdTYnk5cHk0cVE0NjBPKytKUzA3UTlqRVBBZ2pXbzVnckFucTM4bjdlbjhyNmxQYWZcL3lvXC83VXVpSGtONGwrRDdWcEJiZDBPUTJBSVNWdWozZz09IiwibWFjIjoiNWUzMDQ1NDM1OTg5ODQwY2YzZjBlYzFkYWYzMDk2ZTMwMjY0ZGU3MTE2Njk0NmNjYTlmNzJjMDY4ZTc5MzhlOCJ9; expires=Tue, 23-May-2017 08:56:13 GMT; Max-Age=7200; path=/; httponly
Title: Redirecting to http://10.80.87.76:9080/dashboard
X-Meta-Charset: UTF-8
X-Powered-By: PHP/5.5.33
X-RateLimit-Limit: 10
X-RateLimit-Remaining: 6

<!DOCTYPE html>
<html>
    <head>
        <meta charset="UTF-8" />
        <meta http-equiv="refresh" content="1;url=http://10.80.87.76:9080/dashboard" />

        <title>Redirecting to http://10.80.87.76:9080/dashboard</title>
    </head>
    <body>
        Redirecting to <a href="http://10.80.87.76:9080/dashboard">http://10.80.87.76:9080/dashboard</a>.
    </body>
</html>



************************* LOG SEPARATOR *************************


POST http://10.80.87.76:9080/dashboard/schedule/add
User-Agent: WebInject
Content-Type: application/x-www-form-urlencoded
Cookie: laravel_session=eyJpdiI6ImU2NmJ6V01MclRaYnFma3BLODQrMFE9PSIsInZhbHVlIjoiRzNoeVdTYnk5cHk0cVE0NjBPKytKUzA3UTlqRVBBZ2pXbzVnckFucTM4bjdlbjhyNmxQYWZcL3lvXC83VXVpSGtONGwrRDdWcEJiZDBPUTJBSVNWdWozZz09IiwibWFjIjoiNWUzMDQ1NDM1OTg5ODQwY2YzZjBlYzFkYWYzMDk2ZTMwMjY0ZGU3MTE2Njk0NmNjYTlmNzJjMDY4ZTc5MzhlOCJ9; XSRF-TOKEN=eyJpdiI6IjgzQ0VmMnRjcUgxMjFBQjV0UjhWU2c9PSIsInZhbHVlIjoiWExESkFJZlY2YkJGUkJzV3N1RHN3SFZ1MmF5bHVFTUFveW1LQjA3WDZ0OGJBekVYamJXXC9OZVpHWE5UUmdxN3BYeTBQT1lIVHRCbXdTRjFrXC9qNDNpQT09IiwibWFjIjoiNjAyZjQzMjdkN2EzMmVjY2EzZmJiMGJmNzZlNjQ5YmQ3NWVmYWU5MGE1MWE2M2U0MWIxZWMyNDM2MGI1ZDc1ZCJ9
Cookie2: $Version="1"

_token=eeXRb0Xm2j6wtPBw9Kwc3AnJvo3y98zB5ALOYHdq&incident[visible]=1&incident[name]=Prova&incident[message]=El servei Prova estarà aturat per tasques de manteniment des del dia 23-05-2017 a les 09:00 fins el dia 23-05-2017 a les 09:02.&incident[scheduled_at]=23/05/2017 09:00


HTTP/1.1 500 Internal Server Error
Cache-Control: no-cache, private
Connection: close
Date: Tue, 23 May 2017 06:56:13 GMT
Server: Apache
Content-Length: 3161
Content-Type: text/html; charset=UTF-8
Client-Date: Tue, 23 May 2017 06:56:13 GMT
Client-Peer: 10.80.87.76:9080
Client-Response-Num: 1
Client-Warning: Redirect loop detected (max_redirect = 0)
Link: <http://10.80.87.76:9080/favicon.ico>; rel="shortcut icon"
Set-Cookie: XSRF-TOKEN=eyJpdiI6Ik92V0d3YkNYWDJLdlZ5OFwvcjVCc1RnPT0iLCJ2YWx1ZSI6InRDRTBWMUpiY29KanNIbTNZQk1Ic21WTHdvYmsrM1dhbkhtOURyam9Rb3VIRVwvdGZNa050d2VWWDh0S1NRYWt1cEdaSzhDOWFwam42RFhiSE9CRVFtdz09IiwibWFjIjoiOGRhYjEwOTBjZDg1OGY2ZTBlMmQ0NTkzODM4MDI3ODI5ZTRhMzYyZTAyMjJmNThhNWNjYTNkOGJhYzM1OWNkMyJ9; expires=Tue, 23-May-2017 08:56:13 GMT; Max-Age=7200; path=/
Set-Cookie: laravel_session=eyJpdiI6InBVdmgwTVwvMjF6TTBPM09rbkVKeTRRPT0iLCJ2YWx1ZSI6IjlWb2hSRTM0dkF1SlZTcjlScDVYbFE3WldOeXF0czBYNW1NVFBRM1wvMUFLOUphUjJGQURXYjJ4WlFHXC9jS25XMTlwQytLWk1KS2xkQW12dXplUmRiU2c9PSIsIm1hYyI6IjkyZDM0ZmNkZTQ0NTExOWY3NDI1NDVkM2RjOWExMjEyM2I4NTBlY2MxNjk4OGE5Yjk5MGNkY2NhNzI2MGFiN2QifQ%3D%3D; expires=Tue, 23-May-2017 08:56:13 GMT; Max-Age=7200; path=/; httponly
Title: Error 500
X-Meta-Charset: utf-8
X-Meta-Viewport: width=device-width, initial-scale=1.0
X-Powered-By: PHP/5.5.33
X-UA-Compatible: IE=edge,chrome=1

<!doctype html>
<html lang="en-GB">
<head>
    <meta charset="utf-8">
    <meta http-equiv="X-UA-Compatible" content="IE=edge,chrome=1">
    <title>Error 500</title>
    <meta name="viewport" content="width=device-width, initial-scale=1.0">
    <style type="text/css">
        @import url(//fonts.googleapis.com/css?family=Droid+Sans);
        html{font-size:100%;-webkit-text-size-adjust:100%;-ms-text-size-adjust:100%;font-family:sans-serif;color:#222;}
        body{font-family:'Droid Sans', sans-serif;font-size:11pt;color:#555;line-height:25px;margin:0;}
        a{color:#00e;}
        a:visited{color:#551a8b;}
        a:hover{color:#72ADD4;}
        a:focus{outline:thin dotted;}
        a:hover,a:active{outline:0;}
        hr{display:block;height:1px;border:0;border-top:1px solid #ccc;margin:1em 0;padding:0;}
        .wrapper{padding: 3% 6%; margin:0 auto 5em;}
        @media (min-width: 768px) {
            html{font-size:100%;-webkit-text-size-adjust:100%;-ms-text-size-adjust:100%;font-family:sans-serif;color:#222;}
            body{font-size:10pt;}
            a{color:#00e;}
            .wrapper{max-width: 768px}
            a,a:visited{color:#2972A3;}
            .row-fluid [class*="span"]{float:left;width:100%;margin-left:2.0744680851064%;-webkit-box-sizing:border-box;-moz-box-sizing:border-box;box-sizing:border-box;}
            .row-fluid [class*="span"]:first-child{margin-left:0;}
            .row-fluid .span3{width:99.946808510638%;}
            .row-fluid .span2{width:57.393617021277%;}
            .row-fluid .span1{width:40.372340425532%;}
            .pull-right{float:right;}
            .ellipsis{overflow: hidden;white-space: nowrap;text-overflow: ellipsis;-o-text-overflow: ellipsis;}
        }
    </style>
    <link rel="shortcut icon" href="http://10.80.87.76:9080/favicon.ico">
</head>
<body>
<div class="wrapper">
    <div role="main" class="main">
        <div class="row-fluid">
            <div class="span3">
                <div class="span1 ellipsis">
                    <h1>Error 500</h1>
                </div>
                <div class="span2 ellipsis">
                    <h2 class="pull-right">Houston, We Have A Problem.</h2>
                </div>
            </div>
            <h2>Internal Server Error</h2>
            <hr>

            <h3>What does this mean?</h3>

            <p>
                Something went wrong on our servers while we were processing your request.
                An error has occurred and this resource cannot be displayed.
                This occurrence has been logged, and a highly trained team of monkeys has been
                dispatched to deal with your problem. We're really sorry about this, and will
                work hard to get this resolved as soon as possible.
            </p>
            <p>
                This error can be identified by <i>d6bddd6f-2539-48f6-8292-1d2299afa363</i>.
                You might want to take a note of this code.
            </p>
            <p>
                Perhaps you would like to go to our <a href="http://10.80.87.76:9080/">home page</a>?
            </p>
        </div>
    </div>
</div>
</body>
</html>



************************* LOG SEPARATOR *************************


GET http://10.80.87.76:9080/auth/logout
User-Agent: WebInject
Cookie: laravel_session=eyJpdiI6InBVdmgwTVwvMjF6TTBPM09rbkVKeTRRPT0iLCJ2YWx1ZSI6IjlWb2hSRTM0dkF1SlZTcjlScDVYbFE3WldOeXF0czBYNW1NVFBRM1wvMUFLOUphUjJGQURXYjJ4WlFHXC9jS25XMTlwQytLWk1KS2xkQW12dXplUmRiU2c9PSIsIm1hYyI6IjkyZDM0ZmNkZTQ0NTExOWY3NDI1NDVkM2RjOWExMjEyM2I4NTBlY2MxNjk4OGE5Yjk5MGNkY2NhNzI2MGFiN2QifQ%3D%3D; XSRF-TOKEN=eyJpdiI6Ik92V0d3YkNYWDJLdlZ5OFwvcjVCc1RnPT0iLCJ2YWx1ZSI6InRDRTBWMUpiY29KanNIbTNZQk1Ic21WTHdvYmsrM1dhbkhtOURyam9Rb3VIRVwvdGZNa050d2VWWDh0S1NRYWt1cEdaSzhDOWFwam42RFhiSE9CRVFtdz09IiwibWFjIjoiOGRhYjEwOTBjZDg1OGY2ZTBlMmQ0NTkzODM4MDI3ODI5ZTRhMzYyZTAyMjJmNThhNWNjYTNkOGJhYzM1OWNkMyJ9
Cookie2: $Version="1"



HTTP/1.1 302 Found
Cache-Control: no-cache
Connection: close
Date: Tue, 23 May 2017 06:56:13 GMT
Location: http://10.80.87.76:9080
Server: Apache
Content-Length: 336
Content-Type: text/html; charset=UTF-8
Client-Date: Tue, 23 May 2017 06:56:13 GMT
Client-Peer: 10.80.87.76:9080
Client-Response-Num: 1
Client-Warning: Redirect loop detected (max_redirect = 0)
Refresh: 1;url=http://10.80.87.76:9080
Set-Cookie: XSRF-TOKEN=eyJpdiI6IklBZ002eW8xdlpUZnIrNzZCWTZcLytBPT0iLCJ2YWx1ZSI6IkxIa0lyRmMrK2MwMUsxdmRoRjA1Q3VTR0hGV0taTFRnYjByUHl1TUxkeVZScUVjakNxR0pNakdRd0hBbEcxNXgwK2lCQndTZlZURmVLMXRSM0JwZjdRPT0iLCJtYWMiOiJhODYxMGFjZDFhNDgzOGQ5ZmE0MjdhMDU1ZWZlM2VjOTQ1NDIyMGViMzE3ODc2OWI4NzU1MWJkMjIxMjdkNzVlIn0%3D; expires=Tue, 23-May-2017 08:56:13 GMT; Max-Age=7200; path=/
Set-Cookie: laravel_session=eyJpdiI6ImxqeXdvNEtWMUpcL2JcL0huXC9NNTZzelE9PSIsInZhbHVlIjoiSDB4UlhxZ3dEVkdud0ZOOWthZW5cLzNnV3M1OTBnOHRtcGV6ZHJjXC9BVUFpWmlIMXFoZXUwMzYxSHdnR0grMFhxMGZcL0UyYTF3MWFNZTNDNkRsN2ZqQ2c9PSIsIm1hYyI6IjliYzNlMjM4OWQzNDNiMWVhZWZiODY2NzFlMWJjODRlNmM3MmRkNDYzZWRhMTNhMGRkNzZiMjc5ZWJkZWVkMGUifQ%3D%3D; expires=Tue, 23-May-2017 08:56:13 GMT; Max-Age=7200; path=/; httponly
Title: Redirecting to http://10.80.87.76:9080
X-Meta-Charset: UTF-8
X-Powered-By: PHP/5.5.33

<!DOCTYPE html>
<html>
    <head>
        <meta charset="UTF-8" />
        <meta http-equiv="refresh" content="1;url=http://10.80.87.76:9080" />

        <title>Redirecting to http://10.80.87.76:9080</title>
    </head>
    <body>
        Redirecting to <a href="http://10.80.87.76:9080">http://10.80.87.76:9080</a>.
    </body>
</html>



************************* LOG SEPARATOR *************************


